# JRE version: OpenJDK Runtime Environment (8.0_202-b39) (build 1.8.0_202-release-1483-b39)
# Java VM: OpenJDK 64-Bit Server VM (25.202-b39 mixed mode linux-amd64 compressed oops)
Heap:
 par new generation   total 39296K, used 38475K [0x00000000d1200000, 0x00000000d3ca0000, 0x00000000db860000)
  eden space 34944K, 100% used [0x00000000d1200000, 0x00000000d3420000, 0x00000000d3420000)
  from space 4352K,  81% used [0x00000000d3420000, 0x00000000d3792f70, 0x00000000d3860000)
  to   space 4352K,   0% used [0x00000000d3860000, 0x00000000d3860000, 0x00000000d3ca0000)
 concurrent mark-sweep generation total 87424K, used 67255K [0x00000000db860000, 0x00000000e0dc0000, 0x0000000100000000)
 Metaspace       used 157796K, capacity 166780K, committed 167100K, reserved 1196032K
  class space    used 19686K, capacity 21351K, committed 21444K, reserved 1048576K
GC Heap History (10 events):
Event: 34.452 GC heap before
{Heap before GC invocations=25 (full 3):
 par new generation   total 39296K, used 38754K [0x00000000d1200000, 0x00000000d3ca0000, 0x00000000db860000)
  eden space 34944K, 100% used [0x00000000d1200000, 0x00000000d3420000, 0x00000000d3420000)
  from space 4352K,  87% used [0x00000000d3860000, 0x00000000d3c18b28, 0x00000000d3ca0000)
  to   space 4352K,   0% used [0x00000000d3420000, 0x00000000d3420000, 0x00000000d3860000)
 concurrent mark-sweep generation total 87424K, used 63259K [0x00000000db860000, 0x00000000e0dc0000, 0x0000000100000000)
 Metaspace       used 154817K, capacity 163648K, committed 163900K, reserved 1191936K
  class space    used 19386K, capacity 21037K, committed 21060K, reserved 1048576K
Event: 34.460 GC heap after
Heap after GC invocations=26 (full 3):
 par new generation   total 39296K, used 3964K [0x00000000d1200000, 0x00000000d3ca0000, 0x00000000db860000)
  eden space 34944K,   0% used [0x00000000d1200000, 0x00000000d1200000, 0x00000000d3420000)
  from space 4352K,  91% used [0x00000000d3420000, 0x00000000d37ff170, 0x00000000d3860000)
  to   space 4352K,   0% used [0x00000000d3860000, 0x00000000d3860000, 0x00000000d3ca0000)
 concurrent mark-sweep generation total 87424K, used 64657K [0x00000000db860000, 0x00000000e0dc0000, 0x0000000100000000)
 Metaspace       used 154817K, capacity 163648K, committed 163900K, reserved 1191936K
  class space    used 19386K, capacity 21037K, committed 21060K, reserved 1048576K
}
Event: 34.737 GC heap before
{Heap before GC invocations=26 (full 3):
 par new generation   total 39296K, used 38908K [0x00000000d1200000, 0x00000000d3ca0000, 0x00000000db860000)
  eden space 34944K, 100% used [0x00000000d1200000, 0x00000000d3420000, 0x00000000d3420000)
  from space 4352K,  91% used [0x00000000d3420000, 0x00000000d37ff170, 0x00000000d3860000)
  to   space 4352K,   0% used [0x00000000d3860000, 0x00000000d3860000, 0x00000000d3ca0000)
 concurrent mark-sweep generation total 87424K, used 64657K [0x00000000db860000, 0x00000000e0dc0000, 0x0000000100000000)
 Metaspace       used 154837K, capacity 163712K, committed 163900K, reserved 1191936K
  class space    used 19386K, capacity 21037K, committed 21060K, reserved 1048576K
Event: 34.745 GC heap after
Heap after GC invocations=27 (full 3):
 par new generation   total 39296K, used 2710K [0x00000000d1200000, 0x00000000d3ca0000, 0x00000000db860000)
  eden space 34944K,   0% used [0x00000000d1200000, 0x00000000d1200000, 0x00000000d3420000)
  from space 4352K,  62% used [0x00000000d3860000, 0x00000000d3b05a80, 0x00000000d3ca0000)
  to   space 4352K,   0% used [0x00000000d3420000, 0x00000000d3420000, 0x00000000d3860000)
 concurrent mark-sweep generation total 87424K, used 65657K [0x00000000db860000, 0x00000000e0dc0000, 0x0000000100000000)
 Metaspace       used 154837K, capacity 163712K, committed 163900K, reserved 1191936K
  class space    used 19386K, capacity 21037K, committed 21060K, reserved 1048576K
}
Event: 35.056 GC heap before
{Heap before GC invocations=27 (full 3):
 par new generation   total 39296K, used 37654K [0x00000000d1200000, 0x00000000d3ca0000, 0x00000000db860000)
  eden space 34944K, 100% used [0x00000000d1200000, 0x00000000d3420000, 0x00000000d3420000)
  from space 4352K,  62% used [0x00000000d3860000, 0x00000000d3b05a80, 0x00000000d3ca0000)
  to   space 4352K,   0% used [0x00000000d3420000, 0x00000000d3420000, 0x00000000d3860000)
 concurrent mark-sweep generation total 87424K, used 65657K [0x00000000db860000, 0x00000000e0dc0000, 0x0000000100000000)
 Metaspace       used 155183K, capacity 164134K, committed 164284K, reserved 1191936K
  class space    used 19431K, capacity 21120K, committed 21188K, reserved 1048576K
Event: 35.061 GC heap after
Heap after GC invocations=28 (full 3):
 par new generation   total 39296K, used 4154K [0x00000000d1200000, 0x00000000d3ca0000, 0x00000000db860000)
  eden space 34944K,   0% used [0x00000000d1200000, 0x00000000d1200000, 0x00000000d3420000)
  from space 4352K,  95% used [0x00000000d3420000, 0x00000000d382e880, 0x00000000d3860000)
  to   space 4352K,   0% used [0x00000000d3860000, 0x00000000d3860000, 0x00000000d3ca0000)
 concurrent mark-sweep generation total 87424K, used 65657K [0x00000000db860000, 0x00000000e0dc0000, 0x0000000100000000)
 Metaspace       used 155183K, capacity 164134K, committed 164284K, reserved 1191936K
  class space    used 19431K, capacity 21120K, committed 21188K, reserved 1048576K
}
Event: 35.336 GC heap before
{Heap before GC invocations=28 (full 3):
 par new generation   total 39296K, used 39098K [0x00000000d1200000, 0x00000000d3ca0000, 0x00000000db860000)
  eden space 34944K, 100% used [0x00000000d1200000, 0x00000000d3420000, 0x00000000d3420000)
  from space 4352K,  95% used [0x00000000d3420000, 0x00000000d382e880, 0x00000000d3860000)
  to   space 4352K,   0% used [0x00000000d3860000, 0x00000000d3860000, 0x00000000d3ca0000)
 concurrent mark-sweep generation total 87424K, used 65657K [0x00000000db860000, 0x00000000e0dc0000, 0x0000000100000000)
 Metaspace       used 155216K, capacity 164134K, committed 164284K, reserved 1191936K
  class space    used 19431K, capacity 21120K, committed 21188K, reserved 1048576K
Event: 35.349 GC heap after
Heap after GC invocations=29 (full 3):
 par new generation   total 39296K, used 2595K [0x00000000d1200000, 0x00000000d3ca0000, 0x00000000db860000)
  eden space 34944K,   0% used [0x00000000d1200000, 0x00000000d1200000, 0x00000000d3420000)
  from space 4352K,  59% used [0x00000000d3860000, 0x00000000d3ae8c60, 0x00000000d3ca0000)
  to   space 4352K,   0% used [0x00000000d3420000, 0x00000000d3420000, 0x00000000d3860000)
 concurrent mark-sweep generation total 87424K, used 66649K [0x00000000db860000, 0x00000000e0dc0000, 0x0000000100000000)
 Metaspace       used 155216K, capacity 164134K, committed 164284K, reserved 1191936K
  class space    used 19431K, capacity 21120K, committed 21188K, reserved 1048576K
}
Event: 67.952 GC heap before
{Heap before GC invocations=29 (full 3):
 par new generation   total 39296K, used 37539K [0x00000000d1200000, 0x00000000d3ca0000, 0x00000000db860000)
  eden space 34944K, 100% used [0x00000000d1200000, 0x00000000d3420000, 0x00000000d3420000)
  from space 4352K,  59% used [0x00000000d3860000, 0x00000000d3ae8c60, 0x00000000d3ca0000)
  to   space 4352K,   0% used [0x00000000d3420000, 0x00000000d3420000, 0x00000000d3860000)
 concurrent mark-sweep generation total 87424K, used 66649K [0x00000000db860000, 0x00000000e0dc0000, 0x0000000100000000)
 Metaspace       used 156362K, capacity 165342K, committed 165436K, reserved 1193984K
  class space    used 19554K, capacity 21246K, committed 21316K, reserved 1048576K
Event: 67.960 GC heap after
Heap after GC invocations=30 (full 3):
 par new generation   total 39296K, used 3531K [0x00000000d1200000, 0x00000000d3ca0000, 0x00000000db860000)
  eden space 34944K,   0% used [0x00000000d1200000, 0x00000000d1200000, 0x00000000d3420000)
  from space 4352K,  81% used [0x00000000d3420000, 0x00000000d3792f70, 0x00000000d3860000)
  to   space 4352K,   0% used [0x00000000d3860000, 0x00000000d3860000, 0x00000000d3ca0000)
 concurrent mark-sweep generation total 87424K, used 67255K [0x00000000db860000, 0x00000000e0dc0000, 0x0000000100000000)
 Metaspace       used 156362K, capacity 165342K, committed 165436K, reserved 1193984K
  class space    used 19554K, capacity 21246K, committed 21316K, reserved 1048576K
}

